<?xml version="1.0" encoding="UTF-8"?>
<!-- Generated by org.testng.reporters.JUnitReportReporter -->
<testsuite skipped="0" hostname="LeoTerry" name="com.dist.bdf.facade.service.biz.test.ProjectServiceTest" tests="1" failures="0" timestamp="24 八月 2017 03:20:11 GMT" time="64.087" errors="0">
  <testcase name="testGetTaskSummaryByFilterCase9" time="64.087" classname="com.dist.bdf.facade.service.biz.test.ProjectServiceTest"/>
</testsuite> <!-- com.dist.bdf.facade.service.biz.test.ProjectServiceTest -->
